0 info it worked if it ends with ok
1 verbose cli [ '/usr/bin/nodejs', '/usr/bin/npm', 'run', 'alex' ]
2 info using npm@3.10.10
3 info using node@v6.10.2
4 verbose run-script [ 'prealex', 'alex', 'postalex' ]
5 info lifecycle jurist_site@1.0.0~prealex: jurist_site@1.0.0
6 silly lifecycle jurist_site@1.0.0~prealex: no script for prealex, continuing
7 info lifecycle jurist_site@1.0.0~alex: jurist_site@1.0.0
8 verbose lifecycle jurist_site@1.0.0~alex: unsafe-perm in lifecycle true
9 verbose lifecycle jurist_site@1.0.0~alex: PATH: /usr/lib/node_modules/npm/bin/node-gyp-bin:/home/alexey/sites/ab/source/jurist_site/node_modules/.bin:/usr/local/sbin:/usr/local/bin:/usr/sbin:/usr/bin:/sbin:/bin:/usr/games:/usr/local/games
10 verbose lifecycle jurist_site@1.0.0~alex: CWD: /home/alexey/sites/ab/source/jurist_site
11 silly lifecycle jurist_site@1.0.0~alex: Args: [ '-c', 'chmod -R 777 ./ && gulp watch' ]
12 silly lifecycle jurist_site@1.0.0~alex: Returned: code: 1  signal: null
13 info lifecycle jurist_site@1.0.0~alex: Failed to exec alex script
14 verbose stack Error: jurist_site@1.0.0 alex: `chmod -R 777 ./ && gulp watch`
14 verbose stack Exit status 1
14 verbose stack     at EventEmitter.<anonymous> (/usr/lib/node_modules/npm/lib/utils/lifecycle.js:255:16)
14 verbose stack     at emitTwo (events.js:106:13)
14 verbose stack     at EventEmitter.emit (events.js:191:7)
14 verbose stack     at ChildProcess.<anonymous> (/usr/lib/node_modules/npm/lib/utils/spawn.js:40:14)
14 verbose stack     at emitTwo (events.js:106:13)
14 verbose stack     at ChildProcess.emit (events.js:191:7)
14 verbose stack     at maybeClose (internal/child_process.js:886:16)
14 verbose stack     at Process.ChildProcess._handle.onexit (internal/child_process.js:226:5)
15 verbose pkgid jurist_site@1.0.0
16 verbose cwd /home/alexey/sites/ab/source/jurist_site
17 error Linux 4.4.0-72-generic
18 error argv "/usr/bin/nodejs" "/usr/bin/npm" "run" "alex"
19 error node v6.10.2
20 error npm  v3.10.10
21 error code ELIFECYCLE
22 error jurist_site@1.0.0 alex: `chmod -R 777 ./ && gulp watch`
22 error Exit status 1
23 error Failed at the jurist_site@1.0.0 alex script 'chmod -R 777 ./ && gulp watch'.
23 error Make sure you have the latest version of node.js and npm installed.
23 error If you do, this is most likely a problem with the jurist_site package,
23 error not with npm itself.
23 error Tell the author that this fails on your system:
23 error     chmod -R 777 ./ && gulp watch
23 error You can get information on how to open an issue for this project with:
23 error     npm bugs jurist_site
23 error Or if that isn't available, you can get their info via:
23 error     npm owner ls jurist_site
23 error There is likely additional logging output above.
24 verbose exit [ 1, true ]
